

Processing UsersController#index (for 127.0.0.1 at 2010-05-17 18:33:58) [GET]
  [4;36;1mSQL (0.3ms)[0m   [0;1m SELECT name
 FROM sqlite_master
 WHERE type = 'table' AND NOT name = 'sqlite_sequence'
[0m
  [4;35;1mSQL (0.1ms)[0m   [0m SELECT name
 FROM sqlite_master
 WHERE type = 'table' AND NOT name = 'sqlite_sequence'
[0m

NoMethodError (undefined method `index' for User(Table doesn't exist):Class):
  app/models/user.rb:2
  app/controllers/users_controller.rb:5:in `index'
  /Users/oren/.rvm/rubies/ruby-1.8.7-p249/lib/ruby/1.8/webrick/httpserver.rb:104:in `service'
  /Users/oren/.rvm/rubies/ruby-1.8.7-p249/lib/ruby/1.8/webrick/httpserver.rb:65:in `run'
  /Users/oren/.rvm/rubies/ruby-1.8.7-p249/lib/ruby/1.8/webrick/server.rb:173:in `start_thread'
  /Users/oren/.rvm/rubies/ruby-1.8.7-p249/lib/ruby/1.8/webrick/server.rb:162:in `start'
  /Users/oren/.rvm/rubies/ruby-1.8.7-p249/lib/ruby/1.8/webrick/server.rb:162:in `start_thread'
  /Users/oren/.rvm/rubies/ruby-1.8.7-p249/lib/ruby/1.8/webrick/server.rb:95:in `start'
  /Users/oren/.rvm/rubies/ruby-1.8.7-p249/lib/ruby/1.8/webrick/server.rb:92:in `each'
  /Users/oren/.rvm/rubies/ruby-1.8.7-p249/lib/ruby/1.8/webrick/server.rb:92:in `start'
  /Users/oren/.rvm/rubies/ruby-1.8.7-p249/lib/ruby/1.8/webrick/server.rb:23:in `start'
  /Users/oren/.rvm/rubies/ruby-1.8.7-p249/lib/ruby/1.8/webrick/server.rb:82:in `start'

Rendered rescues/_trace (36.1ms)
Rendered rescues/_request_and_response (1.0ms)
Rendering rescues/layout (internal_server_error)
  [4;36;1mSQL (0.3ms)[0m   [0;1m SELECT name
 FROM sqlite_master
 WHERE type = 'table' AND NOT name = 'sqlite_sequence'
[0m
  [4;35;1mSQL (0.2ms)[0m   [0mselect sqlite_version(*)[0m
  [4;36;1mSQL (11.3ms)[0m   [0;1mCREATE TABLE "schema_migrations" ("version" varchar(255) NOT NULL) [0m
  [4;35;1mSQL (13.5ms)[0m   [0mCREATE UNIQUE INDEX "unique_schema_migrations" ON "schema_migrations" ("version")[0m
  [4;36;1mSQL (0.2ms)[0m   [0;1m SELECT name
 FROM sqlite_master
 WHERE type = 'table' AND NOT name = 'sqlite_sequence'
[0m
  [4;35;1mSQL (0.1ms)[0m   [0mSELECT version FROM schema_migrations[0m
Migrating to CreateUsers (20100518013215)
  [4;36;1mSQL (0.5ms)[0m   [0;1mCREATE TABLE "users" ("id" INTEGER PRIMARY KEY AUTOINCREMENT NOT NULL, "name" varchar(255), "age" integer, "created_at" datetime, "updated_at" datetime) [0m
  [4;35;1mSQL (0.1ms)[0m   [0mINSERT INTO schema_migrations (version) VALUES ('20100518013215')[0m
  [4;36;1mSQL (0.2ms)[0m   [0;1m SELECT name
 FROM sqlite_master
 WHERE type = 'table' AND NOT name = 'sqlite_sequence'
[0m
  [4;35;1mSQL (0.1ms)[0m   [0mSELECT version FROM schema_migrations[0m
  [4;36;1mSQL (0.1ms)[0m   [0;1m SELECT name
 FROM sqlite_master
 WHERE type = 'table' AND NOT name = 'sqlite_sequence'
[0m
  [4;35;1mSQL (0.0ms)[0m   [0mPRAGMA index_list("users")[0m


Processing UsersController#index (for 127.0.0.1 at 2010-05-17 18:34:46) [GET]
  [4;36;1mSQL (0.5ms)[0m   [0;1m SELECT name
 FROM sqlite_master
 WHERE type = 'table' AND NOT name = 'sqlite_sequence'
[0m
  [4;35;1mSQL (0.1ms)[0m   [0m SELECT name
 FROM sqlite_master
 WHERE type = 'table' AND NOT name = 'sqlite_sequence'
[0m

NoMethodError (undefined method `index' for #<Class:0x1056792a0>):
  app/models/user.rb:2
  app/controllers/users_controller.rb:5:in `index'
  /Users/oren/.rvm/rubies/ruby-1.8.7-p249/lib/ruby/1.8/webrick/httpserver.rb:104:in `service'
  /Users/oren/.rvm/rubies/ruby-1.8.7-p249/lib/ruby/1.8/webrick/httpserver.rb:65:in `run'
  /Users/oren/.rvm/rubies/ruby-1.8.7-p249/lib/ruby/1.8/webrick/server.rb:173:in `start_thread'
  /Users/oren/.rvm/rubies/ruby-1.8.7-p249/lib/ruby/1.8/webrick/server.rb:162:in `start'
  /Users/oren/.rvm/rubies/ruby-1.8.7-p249/lib/ruby/1.8/webrick/server.rb:162:in `start_thread'
  /Users/oren/.rvm/rubies/ruby-1.8.7-p249/lib/ruby/1.8/webrick/server.rb:95:in `start'
  /Users/oren/.rvm/rubies/ruby-1.8.7-p249/lib/ruby/1.8/webrick/server.rb:92:in `each'
  /Users/oren/.rvm/rubies/ruby-1.8.7-p249/lib/ruby/1.8/webrick/server.rb:92:in `start'
  /Users/oren/.rvm/rubies/ruby-1.8.7-p249/lib/ruby/1.8/webrick/server.rb:23:in `start'
  /Users/oren/.rvm/rubies/ruby-1.8.7-p249/lib/ruby/1.8/webrick/server.rb:82:in `start'

Rendered rescues/_trace (29.2ms)
Rendered rescues/_request_and_response (1.0ms)
Rendering rescues/layout (internal_server_error)


Processing ApplicationController#index (for 127.0.0.1 at 2010-05-17 18:35:02) [GET]

ActionController::RoutingError (No route matches "/user" with {:method=>:get}):
  /Users/oren/.rvm/rubies/ruby-1.8.7-p249/lib/ruby/1.8/webrick/httpserver.rb:104:in `service'
  /Users/oren/.rvm/rubies/ruby-1.8.7-p249/lib/ruby/1.8/webrick/httpserver.rb:65:in `run'
  /Users/oren/.rvm/rubies/ruby-1.8.7-p249/lib/ruby/1.8/webrick/server.rb:173:in `start_thread'
  /Users/oren/.rvm/rubies/ruby-1.8.7-p249/lib/ruby/1.8/webrick/server.rb:162:in `start'
  /Users/oren/.rvm/rubies/ruby-1.8.7-p249/lib/ruby/1.8/webrick/server.rb:162:in `start_thread'
  /Users/oren/.rvm/rubies/ruby-1.8.7-p249/lib/ruby/1.8/webrick/server.rb:95:in `start'
  /Users/oren/.rvm/rubies/ruby-1.8.7-p249/lib/ruby/1.8/webrick/server.rb:92:in `each'
  /Users/oren/.rvm/rubies/ruby-1.8.7-p249/lib/ruby/1.8/webrick/server.rb:92:in `start'
  /Users/oren/.rvm/rubies/ruby-1.8.7-p249/lib/ruby/1.8/webrick/server.rb:23:in `start'
  /Users/oren/.rvm/rubies/ruby-1.8.7-p249/lib/ruby/1.8/webrick/server.rb:82:in `start'

Rendering rescues/layout (not_found)


Processing UsersController#index (for 127.0.0.1 at 2010-05-17 18:35:04) [GET]
  [4;36;1mSQL (0.4ms)[0m   [0;1m SELECT name
 FROM sqlite_master
 WHERE type = 'table' AND NOT name = 'sqlite_sequence'
[0m
  [4;35;1mSQL (0.2ms)[0m   [0m SELECT name
 FROM sqlite_master
 WHERE type = 'table' AND NOT name = 'sqlite_sequence'
[0m

NoMethodError (undefined method `index' for #<Class:0x1053fb258>):
  app/models/user.rb:2
  app/controllers/users_controller.rb:5:in `index'
  /Users/oren/.rvm/rubies/ruby-1.8.7-p249/lib/ruby/1.8/webrick/httpserver.rb:104:in `service'
  /Users/oren/.rvm/rubies/ruby-1.8.7-p249/lib/ruby/1.8/webrick/httpserver.rb:65:in `run'
  /Users/oren/.rvm/rubies/ruby-1.8.7-p249/lib/ruby/1.8/webrick/server.rb:173:in `start_thread'
  /Users/oren/.rvm/rubies/ruby-1.8.7-p249/lib/ruby/1.8/webrick/server.rb:162:in `start'
  /Users/oren/.rvm/rubies/ruby-1.8.7-p249/lib/ruby/1.8/webrick/server.rb:162:in `start_thread'
  /Users/oren/.rvm/rubies/ruby-1.8.7-p249/lib/ruby/1.8/webrick/server.rb:95:in `start'
  /Users/oren/.rvm/rubies/ruby-1.8.7-p249/lib/ruby/1.8/webrick/server.rb:92:in `each'
  /Users/oren/.rvm/rubies/ruby-1.8.7-p249/lib/ruby/1.8/webrick/server.rb:92:in `start'
  /Users/oren/.rvm/rubies/ruby-1.8.7-p249/lib/ruby/1.8/webrick/server.rb:23:in `start'
  /Users/oren/.rvm/rubies/ruby-1.8.7-p249/lib/ruby/1.8/webrick/server.rb:82:in `start'

Rendered rescues/_trace (31.1ms)
Rendered rescues/_request_and_response (0.3ms)
Rendering rescues/layout (internal_server_error)
DEPRECATION WARNING: require "activesupport" is deprecated and will be removed in Rails 3. Use require "active_support" instead.. (called from /Users/oren/.rvm/gems/ruby-1.8.7-p249@rails2/gems/activesupport-2.3.5/lib/activesupport.rb:2)
DEPRECATION WARNING: require "activerecord" is deprecated and will be removed in Rails 3. Use require "active_record" instead.. (called from /Users/oren/.rvm/gems/ruby-1.8.7-p249@rails2/gems/activerecord-2.3.5/lib/activerecord.rb:2)
DEPRECATION WARNING: require "activesupport" is deprecated and will be removed in Rails 3. Use require "active_support" instead.. (called from /Users/oren/.rvm/gems/ruby-1.8.7-p249@rails2/gems/activesupport-2.3.5/lib/activesupport.rb:2)
DEPRECATION WARNING: require "activerecord" is deprecated and will be removed in Rails 3. Use require "active_record" instead.. (called from /Users/oren/.rvm/gems/ruby-1.8.7-p249@rails2/gems/activerecord-2.3.5/lib/activerecord.rb:2)
DEPRECATION WARNING: require "activesupport" is deprecated and will be removed in Rails 3. Use require "active_support" instead.. (called from /Users/oren/.rvm/gems/ruby-1.8.7-p249@rails2/gems/activesupport-2.3.5/lib/activesupport.rb:2)
DEPRECATION WARNING: require "activerecord" is deprecated and will be removed in Rails 3. Use require "active_record" instead.. (called from /Users/oren/.rvm/gems/ruby-1.8.7-p249@rails2/gems/activerecord-2.3.5/lib/activerecord.rb:2)
DEPRECATION WARNING: require "activesupport" is deprecated and will be removed in Rails 3. Use require "active_support" instead.. (called from /Users/oren/.rvm/gems/ruby-1.8.7-p249@rails2/gems/activesupport-2.3.5/lib/activesupport.rb:2)
DEPRECATION WARNING: require "activerecord" is deprecated and will be removed in Rails 3. Use require "active_record" instead.. (called from /Users/oren/.rvm/gems/ruby-1.8.7-p249@rails2/gems/activerecord-2.3.5/lib/activerecord.rb:2)
DEPRECATION WARNING: require "activesupport" is deprecated and will be removed in Rails 3. Use require "active_support" instead.. (called from /Users/oren/.rvm/gems/ruby-1.8.7-p249@rails2/gems/activesupport-2.3.5/lib/activesupport.rb:2)
DEPRECATION WARNING: require "activerecord" is deprecated and will be removed in Rails 3. Use require "active_record" instead.. (called from /Users/oren/.rvm/gems/ruby-1.8.7-p249@rails2/gems/activerecord-2.3.5/lib/activerecord.rb:2)


Processing UsersController#index (for 127.0.0.1 at 2010-05-17 18:47:10) [GET]
  [4;36;1mUser Load (0.4ms)[0m   [0;1mSELECT * FROM "users" [0m
  [4;35;1mSQL (0.1ms)[0m   [0mSELECT count(*) AS count_all FROM "users" [0m
Rendering template within layouts/users
Rendering users/index
Completed in 589ms (View: 584, DB: 1) | 200 OK [http://localhost/users]


Processing UsersController#new (for 127.0.0.1 at 2010-05-17 18:47:14) [GET]
Rendering template within layouts/users
Rendering users/new
Completed in 9ms (View: 6, DB: 0) | 200 OK [http://localhost/users/new]


Processing UsersController#create (for 127.0.0.1 at 2010-05-17 18:47:20) [POST]
  Parameters: {"commit"=>"Create", "authenticity_token"=>"RN8QhvHU0JAktkogoJZv1uHc7RPBvQcy572ggnXB3to=", "user"=>{"name"=>"Oren Teich", "age"=>"34"}}
  [4;36;1mUser Create (0.3ms)[0m   [0;1mINSERT INTO "users" ("name", "created_at", "updated_at", "age") VALUES('Oren Teich', '2010-05-18 01:47:20', '2010-05-18 01:47:20', 34)[0m
  [4;35;1mUser Load (0.2ms)[0m   [0mSELECT id FROM "users" WHERE ("users"."name" = 'Oren Teich') [0m
  [4;36;1mSQL (0.1ms)[0m   [0;1mSELECT count(*) AS count_all FROM "users" WHERE ("users"."name" = 'Oren Teich') [0m
Redirected to http://localhost:3000/users/1
Completed in 38ms (DB: 1) | 302 Found [http://localhost/users]


Processing UsersController#show (for 127.0.0.1 at 2010-05-17 18:47:20) [GET]
  Parameters: {"id"=>"1"}
Rendering template within layouts/users
Rendering users/show
Completed in 9ms (View: 4, DB: 0) | 200 OK [http://localhost/users/1]
